{"/home/docker/reverse-proxy/app/index.js": {"path":"/home/docker/reverse-proxy/app/index.js","statementMap":{"0":{"start":{"line":8,"column":29},"end":{"line":8,"column":40}},"1":{"start":{"line":9,"column":16},"end":{"line":9,"column":23}},"2":{"start":{"line":11,"column":14},"end":{"line":11,"column":57}},"3":{"start":{"line":15,"column":20},"end":{"line":15,"column":44}},"4":{"start":{"line":16,"column":21},"end":{"line":16,"column":60}},"5":{"start":{"line":17,"column":17},"end":{"line":17,"column":36}},"6":{"start":{"line":18,"column":19},"end":{"line":18,"column":67}},"7":{"start":{"line":19,"column":4},"end":{"line":19,"column":35}},"8":{"start":{"line":20,"column":4},"end":{"line":20,"column":57}},"9":{"start":{"line":21,"column":4},"end":{"line":21,"column":69}},"10":{"start":{"line":22,"column":4},"end":{"line":22,"column":66}},"11":{"start":{"line":23,"column":4},"end":{"line":23,"column":47}},"12":{"start":{"line":24,"column":4},"end":{"line":24,"column":51}},"13":{"start":{"line":28,"column":20},"end":{"line":28,"column":44}},"14":{"start":{"line":29,"column":20},"end":{"line":29,"column":23}},"15":{"start":{"line":30,"column":21},"end":{"line":30,"column":60}},"16":{"start":{"line":31,"column":17},"end":{"line":31,"column":36}},"17":{"start":{"line":32,"column":25},"end":{"line":32,"column":63}},"18":{"start":{"line":33,"column":17},"end":{"line":35,"column":5}},"19":{"start":{"line":36,"column":4},"end":{"line":36,"column":48}},"20":{"start":{"line":36,"column":35},"end":{"line":36,"column":48}},"21":{"start":{"line":37,"column":18},"end":{"line":37,"column":40}},"22":{"start":{"line":38,"column":4},"end":{"line":38,"column":55}},"23":{"start":{"line":38,"column":29},"end":{"line":38,"column":55}},"24":{"start":{"line":39,"column":4},"end":{"line":39,"column":48}},"25":{"start":{"line":39,"column":35},"end":{"line":39,"column":48}},"26":{"start":{"line":40,"column":17},"end":{"line":54,"column":5}},"27":{"start":{"line":41,"column":18},"end":{"line":41,"column":54}},"28":{"start":{"line":42,"column":6},"end":{"line":42,"column":82}},"29":{"start":{"line":42,"column":60},"end":{"line":42,"column":82}},"30":{"start":{"line":43,"column":6},"end":{"line":43,"column":54}},"31":{"start":{"line":43,"column":34},"end":{"line":43,"column":54}},"32":{"start":{"line":44,"column":6},"end":{"line":44,"column":55}},"33":{"start":{"line":44,"column":34},"end":{"line":44,"column":55}},"34":{"start":{"line":45,"column":6},"end":{"line":45,"column":61}},"35":{"start":{"line":45,"column":35},"end":{"line":45,"column":61}},"36":{"start":{"line":46,"column":6},"end":{"line":46,"column":59}},"37":{"start":{"line":46,"column":34},"end":{"line":46,"column":59}},"38":{"start":{"line":47,"column":6},"end":{"line":47,"column":59}},"39":{"start":{"line":47,"column":34},"end":{"line":47,"column":59}},"40":{"start":{"line":48,"column":6},"end":{"line":48,"column":59}},"41":{"start":{"line":48,"column":34},"end":{"line":48,"column":59}},"42":{"start":{"line":49,"column":6},"end":{"line":49,"column":62}},"43":{"start":{"line":49,"column":43},"end":{"line":49,"column":62}},"44":{"start":{"line":50,"column":6},"end":{"line":50,"column":58}},"45":{"start":{"line":50,"column":33},"end":{"line":50,"column":58}},"46":{"start":{"line":51,"column":6},"end":{"line":51,"column":52}},"47":{"start":{"line":51,"column":34},"end":{"line":51,"column":52}},"48":{"start":{"line":52,"column":6},"end":{"line":52,"column":61}},"49":{"start":{"line":52,"column":41},"end":{"line":52,"column":61}},"50":{"start":{"line":53,"column":6},"end":{"line":53,"column":40}},"51":{"start":{"line":55,"column":19},"end":{"line":55,"column":49}},"52":{"start":{"line":56,"column":4},"end":{"line":56,"column":60}},"53":{"start":{"line":57,"column":4},"end":{"line":57,"column":21}},"54":{"start":{"line":58,"column":4},"end":{"line":58,"column":16}},"55":{"start":{"line":62,"column":15},"end":{"line":62,"column":39}},"56":{"start":{"line":63,"column":21},"end":{"line":76,"column":5}},"57":{"start":{"line":64,"column":22},"end":{"line":64,"column":46}},"58":{"start":{"line":65,"column":23},"end":{"line":65,"column":81}},"59":{"start":{"line":66,"column":30},"end":{"line":66,"column":33}},"60":{"start":{"line":67,"column":23},"end":{"line":67,"column":62}},"61":{"start":{"line":68,"column":19},"end":{"line":68,"column":38}},"62":{"start":{"line":69,"column":6},"end":{"line":75,"column":9}},"63":{"start":{"line":77,"column":4},"end":{"line":77,"column":15}},"64":{"start":{"line":78,"column":4},"end":{"line":84,"column":7}},"65":{"start":{"line":79,"column":44},"end":{"line":79,"column":47}},"66":{"start":{"line":80,"column":22},"end":{"line":80,"column":54}},"67":{"start":{"line":81,"column":6},"end":{"line":83,"column":9}},"68":{"start":{"line":88,"column":4},"end":{"line":91,"column":5}},"69":{"start":{"line":89,"column":6},"end":{"line":89,"column":38}},"70":{"start":{"line":90,"column":6},"end":{"line":90,"column":18}},"71":{"start":{"line":92,"column":4},"end":{"line":95,"column":5}},"72":{"start":{"line":93,"column":6},"end":{"line":93,"column":38}},"73":{"start":{"line":94,"column":6},"end":{"line":94,"column":18}},"74":{"start":{"line":96,"column":4},"end":{"line":99,"column":5}},"75":{"start":{"line":97,"column":6},"end":{"line":97,"column":38}},"76":{"start":{"line":98,"column":6},"end":{"line":98,"column":18}},"77":{"start":{"line":100,"column":4},"end":{"line":103,"column":5}},"78":{"start":{"line":101,"column":6},"end":{"line":101,"column":38}},"79":{"start":{"line":102,"column":6},"end":{"line":102,"column":18}},"80":{"start":{"line":104,"column":4},"end":{"line":107,"column":5}},"81":{"start":{"line":105,"column":6},"end":{"line":105,"column":38}},"82":{"start":{"line":106,"column":6},"end":{"line":106,"column":18}},"83":{"start":{"line":108,"column":4},"end":{"line":111,"column":5}},"84":{"start":{"line":109,"column":6},"end":{"line":109,"column":38}},"85":{"start":{"line":110,"column":6},"end":{"line":110,"column":18}},"86":{"start":{"line":112,"column":4},"end":{"line":115,"column":5}},"87":{"start":{"line":113,"column":6},"end":{"line":113,"column":38}},"88":{"start":{"line":114,"column":6},"end":{"line":114,"column":18}},"89":{"start":{"line":116,"column":4},"end":{"line":116,"column":17}},"90":{"start":{"line":120,"column":20},"end":{"line":120,"column":44}},"91":{"start":{"line":121,"column":4},"end":{"line":133,"column":5}},"92":{"start":{"line":122,"column":21},"end":{"line":122,"column":56}},"93":{"start":{"line":123,"column":6},"end":{"line":132,"column":7}},"94":{"start":{"line":124,"column":29},"end":{"line":124,"column":34}},"95":{"start":{"line":125,"column":21},"end":{"line":125,"column":37}},"96":{"start":{"line":126,"column":8},"end":{"line":131,"column":9}},"97":{"start":{"line":127,"column":20},"end":{"line":127,"column":40}},"98":{"start":{"line":128,"column":10},"end":{"line":128,"column":68}},"99":{"start":{"line":129,"column":10},"end":{"line":129,"column":29}},"100":{"start":{"line":130,"column":10},"end":{"line":130,"column":17}},"101":{"start":{"line":134,"column":19},"end":{"line":134,"column":43}},"102":{"start":{"line":135,"column":20},"end":{"line":135,"column":23}},"103":{"start":{"line":136,"column":21},"end":{"line":136,"column":60}},"104":{"start":{"line":137,"column":17},"end":{"line":137,"column":36}},"105":{"start":{"line":138,"column":39},"end":{"line":138,"column":77}},"106":{"start":{"line":139,"column":18},"end":{"line":139,"column":41}},"107":{"start":{"line":140,"column":4},"end":{"line":140,"column":42}},"108":{"start":{"line":142,"column":4},"end":{"line":142,"column":60}},"109":{"start":{"line":142,"column":53},"end":{"line":142,"column":60}},"110":{"start":{"line":144,"column":4},"end":{"line":144,"column":35}},"111":{"start":{"line":148,"column":4},"end":{"line":153,"column":5}},"112":{"start":{"line":149,"column":16},"end":{"line":149,"column":36}},"113":{"start":{"line":150,"column":6},"end":{"line":150,"column":64}},"114":{"start":{"line":151,"column":6},"end":{"line":151,"column":25}},"115":{"start":{"line":152,"column":6},"end":{"line":152,"column":13}},"116":{"start":{"line":154,"column":14},"end":{"line":154,"column":34}},"117":{"start":{"line":155,"column":4},"end":{"line":155,"column":68}},"118":{"start":{"line":156,"column":4},"end":{"line":156,"column":52}},"119":{"start":{"line":160,"column":20},"end":{"line":160,"column":44}},"120":{"start":{"line":161,"column":20},"end":{"line":161,"column":42}},"121":{"start":{"line":162,"column":4},"end":{"line":162,"column":43}},"122":{"start":{"line":163,"column":4},"end":{"line":166,"column":5}},"123":{"start":{"line":164,"column":6},"end":{"line":164,"column":55}},"124":{"start":{"line":165,"column":6},"end":{"line":165,"column":13}},"125":{"start":{"line":167,"column":4},"end":{"line":167,"column":21}},"126":{"start":{"line":171,"column":4},"end":{"line":171,"column":20}},"127":{"start":{"line":172,"column":4},"end":{"line":172,"column":21}},"128":{"start":{"line":172,"column":14},"end":{"line":172,"column":21}},"129":{"start":{"line":173,"column":4},"end":{"line":173,"column":44}},"130":{"start":{"line":173,"column":19},"end":{"line":173,"column":44}},"131":{"start":{"line":174,"column":4},"end":{"line":174,"column":62}},"132":{"start":{"line":175,"column":4},"end":{"line":175,"column":23}},"133":{"start":{"line":179,"column":4},"end":{"line":188,"column":6}},"134":{"start":{"line":180,"column":6},"end":{"line":187,"column":7}},"135":{"start":{"line":181,"column":8},"end":{"line":181,"column":33}},"136":{"start":{"line":182,"column":8},"end":{"line":182,"column":45}},"137":{"start":{"line":182,"column":38},"end":{"line":182,"column":45}},"138":{"start":{"line":183,"column":8},"end":{"line":183,"column":34}},"139":{"start":{"line":184,"column":8},"end":{"line":184,"column":30}},"140":{"start":{"line":186,"column":8},"end":{"line":186,"column":39}},"141":{"start":{"line":192,"column":17},"end":{"line":192,"column":26}},"142":{"start":{"line":193,"column":0},"end":{"line":193,"column":32}},"143":{"start":{"line":194,"column":53},"end":{"line":194,"column":61}}},"fnMap":{"0":{"name":"(anonymous_0)","decl":{"start":{"line":14,"column":2},"end":{"line":14,"column":3}},"loc":{"start":{"line":14,"column":22},"end":{"line":25,"column":3}},"line":14},"1":{"name":"(anonymous_1)","decl":{"start":{"line":27,"column":2},"end":{"line":27,"column":3}},"loc":{"start":{"line":27,"column":22},"end":{"line":59,"column":3}},"line":27},"2":{"name":"(anonymous_2)","decl":{"start":{"line":40,"column":17},"end":{"line":40,"column":18}},"loc":{"start":{"line":40,"column":29},"end":{"line":54,"column":5}},"line":40},"3":{"name":"(anonymous_3)","decl":{"start":{"line":61,"column":2},"end":{"line":61,"column":3}},"loc":{"start":{"line":61,"column":23},"end":{"line":85,"column":3}},"line":61},"4":{"name":"(anonymous_4)","decl":{"start":{"line":63,"column":21},"end":{"line":63,"column":22}},"loc":{"start":{"line":63,"column":27},"end":{"line":76,"column":5}},"line":63},"5":{"name":"(anonymous_5)","decl":{"start":{"line":78,"column":21},"end":{"line":78,"column":22}},"loc":{"start":{"line":78,"column":27},"end":{"line":84,"column":5}},"line":78},"6":{"name":"(anonymous_6)","decl":{"start":{"line":87,"column":2},"end":{"line":87,"column":3}},"loc":{"start":{"line":87,"column":40},"end":{"line":117,"column":3}},"line":87},"7":{"name":"(anonymous_7)","decl":{"start":{"line":119,"column":2},"end":{"line":119,"column":3}},"loc":{"start":{"line":119,"column":19},"end":{"line":145,"column":3}},"line":119},"8":{"name":"(anonymous_8)","decl":{"start":{"line":147,"column":2},"end":{"line":147,"column":3}},"loc":{"start":{"line":147,"column":28},"end":{"line":157,"column":3}},"line":147},"9":{"name":"(anonymous_9)","decl":{"start":{"line":159,"column":2},"end":{"line":159,"column":3}},"loc":{"start":{"line":159,"column":36},"end":{"line":168,"column":3}},"line":159},"10":{"name":"(anonymous_10)","decl":{"start":{"line":170,"column":2},"end":{"line":170,"column":3}},"loc":{"start":{"line":170,"column":28},"end":{"line":176,"column":3}},"line":170},"11":{"name":"(anonymous_11)","decl":{"start":{"line":178,"column":2},"end":{"line":178,"column":3}},"loc":{"start":{"line":178,"column":10},"end":{"line":189,"column":3}},"line":178},"12":{"name":"(anonymous_12)","decl":{"start":{"line":179,"column":11},"end":{"line":179,"column":12}},"loc":{"start":{"line":179,"column":25},"end":{"line":188,"column":5}},"line":179}},"branchMap":{"0":{"loc":{"start":{"line":16,"column":21},"end":{"line":16,"column":60}},"type":"cond-expr","locations":[{"start":{"line":16,"column":44},"end":{"line":16,"column":51}},{"start":{"line":16,"column":54},"end":{"line":16,"column":60}}],"line":16},"1":{"loc":{"start":{"line":18,"column":19},"end":{"line":18,"column":67}},"type":"binary-expr","locations":[{"start":{"line":18,"column":19},"end":{"line":18,"column":40}},{"start":{"line":18,"column":44},"end":{"line":18,"column":67}}],"line":18},"2":{"loc":{"start":{"line":30,"column":21},"end":{"line":30,"column":60}},"type":"cond-expr","locations":[{"start":{"line":30,"column":44},"end":{"line":30,"column":51}},{"start":{"line":30,"column":54},"end":{"line":30,"column":60}}],"line":30},"3":{"loc":{"start":{"line":36,"column":4},"end":{"line":36,"column":48}},"type":"if","locations":[{"start":{"line":36,"column":4},"end":{"line":36,"column":48}},{"start":{},"end":{}}],"line":36},"4":{"loc":{"start":{"line":38,"column":4},"end":{"line":38,"column":55}},"type":"if","locations":[{"start":{"line":38,"column":4},"end":{"line":38,"column":55}},{"start":{},"end":{}}],"line":38},"5":{"loc":{"start":{"line":39,"column":4},"end":{"line":39,"column":48}},"type":"if","locations":[{"start":{"line":39,"column":4},"end":{"line":39,"column":48}},{"start":{},"end":{}}],"line":39},"6":{"loc":{"start":{"line":42,"column":6},"end":{"line":42,"column":82}},"type":"if","locations":[{"start":{"line":42,"column":6},"end":{"line":42,"column":82}},{"start":{},"end":{}}],"line":42},"7":{"loc":{"start":{"line":43,"column":6},"end":{"line":43,"column":54}},"type":"if","locations":[{"start":{"line":43,"column":6},"end":{"line":43,"column":54}},{"start":{},"end":{}}],"line":43},"8":{"loc":{"start":{"line":44,"column":6},"end":{"line":44,"column":55}},"type":"if","locations":[{"start":{"line":44,"column":6},"end":{"line":44,"column":55}},{"start":{},"end":{}}],"line":44},"9":{"loc":{"start":{"line":45,"column":6},"end":{"line":45,"column":61}},"type":"if","locations":[{"start":{"line":45,"column":6},"end":{"line":45,"column":61}},{"start":{},"end":{}}],"line":45},"10":{"loc":{"start":{"line":46,"column":6},"end":{"line":46,"column":59}},"type":"if","locations":[{"start":{"line":46,"column":6},"end":{"line":46,"column":59}},{"start":{},"end":{}}],"line":46},"11":{"loc":{"start":{"line":47,"column":6},"end":{"line":47,"column":59}},"type":"if","locations":[{"start":{"line":47,"column":6},"end":{"line":47,"column":59}},{"start":{},"end":{}}],"line":47},"12":{"loc":{"start":{"line":48,"column":6},"end":{"line":48,"column":59}},"type":"if","locations":[{"start":{"line":48,"column":6},"end":{"line":48,"column":59}},{"start":{},"end":{}}],"line":48},"13":{"loc":{"start":{"line":49,"column":6},"end":{"line":49,"column":62}},"type":"if","locations":[{"start":{"line":49,"column":6},"end":{"line":49,"column":62}},{"start":{},"end":{}}],"line":49},"14":{"loc":{"start":{"line":50,"column":6},"end":{"line":50,"column":58}},"type":"if","locations":[{"start":{"line":50,"column":6},"end":{"line":50,"column":58}},{"start":{},"end":{}}],"line":50},"15":{"loc":{"start":{"line":51,"column":6},"end":{"line":51,"column":52}},"type":"if","locations":[{"start":{"line":51,"column":6},"end":{"line":51,"column":52}},{"start":{},"end":{}}],"line":51},"16":{"loc":{"start":{"line":52,"column":6},"end":{"line":52,"column":61}},"type":"if","locations":[{"start":{"line":52,"column":6},"end":{"line":52,"column":61}},{"start":{},"end":{}}],"line":52},"17":{"loc":{"start":{"line":65,"column":23},"end":{"line":65,"column":81}},"type":"binary-expr","locations":[{"start":{"line":65,"column":23},"end":{"line":65,"column":53}},{"start":{"line":65,"column":57},"end":{"line":65,"column":81}}],"line":65},"18":{"loc":{"start":{"line":67,"column":23},"end":{"line":67,"column":62}},"type":"cond-expr","locations":[{"start":{"line":67,"column":46},"end":{"line":67,"column":53}},{"start":{"line":67,"column":56},"end":{"line":67,"column":62}}],"line":67},"19":{"loc":{"start":{"line":88,"column":4},"end":{"line":91,"column":5}},"type":"if","locations":[{"start":{"line":88,"column":4},"end":{"line":91,"column":5}},{"start":{},"end":{}}],"line":88},"20":{"loc":{"start":{"line":92,"column":4},"end":{"line":95,"column":5}},"type":"if","locations":[{"start":{"line":92,"column":4},"end":{"line":95,"column":5}},{"start":{},"end":{}}],"line":92},"21":{"loc":{"start":{"line":96,"column":4},"end":{"line":99,"column":5}},"type":"if","locations":[{"start":{"line":96,"column":4},"end":{"line":99,"column":5}},{"start":{},"end":{}}],"line":96},"22":{"loc":{"start":{"line":100,"column":4},"end":{"line":103,"column":5}},"type":"if","locations":[{"start":{"line":100,"column":4},"end":{"line":103,"column":5}},{"start":{},"end":{}}],"line":100},"23":{"loc":{"start":{"line":104,"column":4},"end":{"line":107,"column":5}},"type":"if","locations":[{"start":{"line":104,"column":4},"end":{"line":107,"column":5}},{"start":{},"end":{}}],"line":104},"24":{"loc":{"start":{"line":108,"column":4},"end":{"line":111,"column":5}},"type":"if","locations":[{"start":{"line":108,"column":4},"end":{"line":111,"column":5}},{"start":{},"end":{}}],"line":108},"25":{"loc":{"start":{"line":112,"column":4},"end":{"line":115,"column":5}},"type":"if","locations":[{"start":{"line":112,"column":4},"end":{"line":115,"column":5}},{"start":{},"end":{}}],"line":112},"26":{"loc":{"start":{"line":121,"column":4},"end":{"line":133,"column":5}},"type":"if","locations":[{"start":{"line":121,"column":4},"end":{"line":133,"column":5}},{"start":{},"end":{}}],"line":121},"27":{"loc":{"start":{"line":126,"column":8},"end":{"line":131,"column":9}},"type":"if","locations":[{"start":{"line":126,"column":8},"end":{"line":131,"column":9}},{"start":{},"end":{}}],"line":126},"28":{"loc":{"start":{"line":126,"column":12},"end":{"line":126,"column":44}},"type":"binary-expr","locations":[{"start":{"line":126,"column":12},"end":{"line":126,"column":17}},{"start":{"line":126,"column":21},"end":{"line":126,"column":44}}],"line":126},"29":{"loc":{"start":{"line":136,"column":21},"end":{"line":136,"column":60}},"type":"cond-expr","locations":[{"start":{"line":136,"column":44},"end":{"line":136,"column":51}},{"start":{"line":136,"column":54},"end":{"line":136,"column":60}}],"line":136},"30":{"loc":{"start":{"line":142,"column":4},"end":{"line":142,"column":60}},"type":"if","locations":[{"start":{"line":142,"column":4},"end":{"line":142,"column":60}},{"start":{},"end":{}}],"line":142},"31":{"loc":{"start":{"line":148,"column":4},"end":{"line":153,"column":5}},"type":"if","locations":[{"start":{"line":148,"column":4},"end":{"line":153,"column":5}},{"start":{},"end":{}}],"line":148},"32":{"loc":{"start":{"line":163,"column":4},"end":{"line":166,"column":5}},"type":"if","locations":[{"start":{"line":163,"column":4},"end":{"line":166,"column":5}},{"start":{},"end":{}}],"line":163},"33":{"loc":{"start":{"line":172,"column":4},"end":{"line":172,"column":21}},"type":"if","locations":[{"start":{"line":172,"column":4},"end":{"line":172,"column":21}},{"start":{},"end":{}}],"line":172},"34":{"loc":{"start":{"line":173,"column":4},"end":{"line":173,"column":44}},"type":"if","locations":[{"start":{"line":173,"column":4},"end":{"line":173,"column":44}},{"start":{},"end":{}}],"line":173},"35":{"loc":{"start":{"line":182,"column":8},"end":{"line":182,"column":45}},"type":"if","locations":[{"start":{"line":182,"column":8},"end":{"line":182,"column":45}},{"start":{},"end":{}}],"line":182}},"s":{"0":1,"1":1,"2":1,"3":1,"4":1,"5":1,"6":1,"7":1,"8":1,"9":1,"10":1,"11":1,"12":1,"13":3,"14":3,"15":3,"16":3,"17":3,"18":3,"19":3,"20":3,"21":0,"22":0,"23":0,"24":0,"25":0,"26":0,"27":0,"28":0,"29":0,"30":0,"31":0,"32":0,"33":0,"34":0,"35":0,"36":0,"37":0,"38":0,"39":0,"40":0,"41":0,"42":0,"43":0,"44":0,"45":0,"46":0,"47":0,"48":0,"49":0,"50":0,"51":0,"52":0,"53":0,"54":0,"55":0,"56":0,"57":0,"58":0,"59":0,"60":0,"61":0,"62":0,"63":0,"64":0,"65":0,"66":0,"67":0,"68":0,"69":0,"70":0,"71":0,"72":0,"73":0,"74":0,"75":0,"76":0,"77":0,"78":0,"79":0,"80":0,"81":0,"82":0,"83":0,"84":0,"85":0,"86":0,"87":0,"88":0,"89":0,"90":0,"91":0,"92":0,"93":0,"94":0,"95":0,"96":0,"97":0,"98":0,"99":0,"100":0,"101":0,"102":0,"103":0,"104":0,"105":0,"106":0,"107":0,"108":0,"109":0,"110":0,"111":2,"112":1,"113":1,"114":1,"115":1,"116":1,"117":1,"118":1,"119":0,"120":0,"121":0,"122":0,"123":0,"124":0,"125":0,"126":0,"127":0,"128":0,"129":0,"130":0,"131":0,"132":0,"133":1,"134":0,"135":0,"136":0,"137":0,"138":0,"139":0,"140":0,"141":1,"142":1,"143":1},"f":{"0":1,"1":3,"2":0,"3":0,"4":0,"5":0,"6":0,"7":0,"8":2,"9":0,"10":0,"11":1,"12":0},"b":{"0":[0,1],"1":[1,1],"2":[0,3],"3":[3,0],"4":[0,0],"5":[0,0],"6":[0,0],"7":[0,0],"8":[0,0],"9":[0,0],"10":[0,0],"11":[0,0],"12":[0,0],"13":[0,0],"14":[0,0],"15":[0,0],"16":[0,0],"17":[0,0],"18":[0,0],"19":[0,0],"20":[0,0],"21":[0,0],"22":[0,0],"23":[0,0],"24":[0,0],"25":[0,0],"26":[0,0],"27":[0,0],"28":[0,0],"29":[0,0],"30":[0,0],"31":[1,1],"32":[0,0],"33":[0,0],"34":[0,0],"35":[0,0]},"_coverageSchema":"1a1c01bbd47fc00a2c39e90264f33305004495a9","hash":"69ad53fd71c0a5310304c9999c16965e659089e2"}
}
